<?xml version="1.0" encoding="UTF-8"?>
<testsuite name="com.apiGateway.gateway.GatewayApplicationTests" tests="1" skipped="0" failures="0" errors="0" timestamp="2026-07-03T21:30:06.131Z" hostname="PB0B0983978" time="3.694">
  <properties/>
  <testcase name="contextLoads()" classname="com.apiGateway.gateway.GatewayApplicationTests" time="3.694"/>
  <system-out><![CDATA[16:29:41.430 [Test worker] INFO org.springframework.test.context.support.AnnotationConfigContextLoaderUtils -- Could not detect default configuration classes for test class [com.apiGateway.gateway.GatewayApplicationTests]: GatewayApplicationTests does not declare any static, non-private, non-final, nested classes annotated with @Configuration.
16:29:41.998 [Test worker] INFO org.springframework.boot.test.context.SpringBootTestContextBootstrapper -- Found @SpringBootConfiguration com.apiGateway.gateway.GatewayApplication for test class com.apiGateway.gateway.GatewayApplicationTests

  .   ____          _            __ _ _
 /\\ / ___'_ __ _ _(_)_ __  __ _ \ \ \ \
( ( )\___ | '_ | '_| | '_ \/ _` | \ \ \ \
 \\/  ___)| |_)| | | | | || (_| |  ) ) ) )
  '  |____| .__|_| |_|_| |_\__, | / / / /
 =========|_|==============|___/=/_/_/_/

 :: Spring Boot ::               (v3.5.16)

2026-07-03T16:29:47.251-05:00  INFO 35388 --- [    Test worker] c.a.gateway.GatewayApplicationTests      : Starting GatewayApplicationTests using Java 17.0.16 with PID 35388 (started by jajvalen in C:\Users\jajvalen\Documents\Microservicios JAVA\Ejercicios Microservicios\gateway\gateway)
2026-07-03T16:29:47.257-05:00  INFO 35388 --- [    Test worker] c.a.gateway.GatewayApplicationTests      : No active profile set, falling back to 1 default profile: "default"
2026-07-03T16:29:54.481-05:00  INFO 35388 --- [    Test worker] o.s.cloud.context.scope.GenericScope     : BeanFactory id=2c9c68c1-01ec-3a6a-a32c-f7d67244f2c9
2026-07-03T16:29:56.992-05:00  WARN 35388 --- [    Test worker] GatewayClassPathWarningAutoConfiguration : 

**********************************************************

The artifact spring-cloud-gateway-server is deprecated. It will be removed in the next major release. Please add spring-cloud-gateway-server-webflux dependency.

**********************************************************


2026-07-03T16:29:59.967-05:00  INFO 35388 --- [    Test worker] o.s.cloud.commons.util.InetUtils         : Cannot determine local hostname
2026-07-03T16:30:01.921-05:00  INFO 35388 --- [    Test worker] o.s.c.g.r.RouteDefinitionRouteLocator    : Loaded RoutePredicateFactory [After]
2026-07-03T16:30:01.922-05:00  INFO 35388 --- [    Test worker] o.s.c.g.r.RouteDefinitionRouteLocator    : Loaded RoutePredicateFactory [Before]
2026-07-03T16:30:01.922-05:00  INFO 35388 --- [    Test worker] o.s.c.g.r.RouteDefinitionRouteLocator    : Loaded RoutePredicateFactory [Between]
2026-07-03T16:30:01.922-05:00  INFO 35388 --- [    Test worker] o.s.c.g.r.RouteDefinitionRouteLocator    : Loaded RoutePredicateFactory [Cookie]
2026-07-03T16:30:01.922-05:00  INFO 35388 --- [    Test worker] o.s.c.g.r.RouteDefinitionRouteLocator    : Loaded RoutePredicateFactory [Header]
2026-07-03T16:30:01.922-05:00  INFO 35388 --- [    Test worker] o.s.c.g.r.RouteDefinitionRouteLocator    : Loaded RoutePredicateFactory [Host]
2026-07-03T16:30:01.922-05:00  INFO 35388 --- [    Test worker] o.s.c.g.r.RouteDefinitionRouteLocator    : Loaded RoutePredicateFactory [Method]
2026-07-03T16:30:01.923-05:00  INFO 35388 --- [    Test worker] o.s.c.g.r.RouteDefinitionRouteLocator    : Loaded RoutePredicateFactory [Path]
2026-07-03T16:30:01.923-05:00  INFO 35388 --- [    Test worker] o.s.c.g.r.RouteDefinitionRouteLocator    : Loaded RoutePredicateFactory [Query]
2026-07-03T16:30:01.923-05:00  INFO 35388 --- [    Test worker] o.s.c.g.r.RouteDefinitionRouteLocator    : Loaded RoutePredicateFactory [ReadBody]
2026-07-03T16:30:01.923-05:00  INFO 35388 --- [    Test worker] o.s.c.g.r.RouteDefinitionRouteLocator    : Loaded RoutePredicateFactory [RemoteAddr]
2026-07-03T16:30:01.923-05:00  INFO 35388 --- [    Test worker] o.s.c.g.r.RouteDefinitionRouteLocator    : Loaded RoutePredicateFactory [XForwardedRemoteAddr]
2026-07-03T16:30:01.924-05:00  INFO 35388 --- [    Test worker] o.s.c.g.r.RouteDefinitionRouteLocator    : Loaded RoutePredicateFactory [Weight]
2026-07-03T16:30:01.924-05:00  INFO 35388 --- [    Test worker] o.s.c.g.r.RouteDefinitionRouteLocator    : Loaded RoutePredicateFactory [CloudFoundryRouteService]
2026-07-03T16:30:03.191-05:00  INFO 35388 --- [    Test worker] DiscoveryClientOptionalArgsConfiguration : Eureka HTTP Client uses RestTemplate.
2026-07-03T16:30:05.682-05:00  INFO 35388 --- [    Test worker] o.s.cloud.commons.util.InetUtils         : Cannot determine local hostname
2026-07-03T16:30:05.764-05:00  WARN 35388 --- [    Test worker] s.w.s.StarterDeprecatedAutoConfiguration : 

**********************************************************

spring-cloud-starter-gateway is deprecated. It will be removed in the next major release. Please use spring-cloud-starter-gateway-server-webflux instead.

**********************************************************


2026-07-03T16:30:05.795-05:00  WARN 35388 --- [    Test worker] iguration$LoadBalancerCaffeineWarnLogger : Spring Cloud LoadBalancer is currently working with the default cache. While this cache implementation is useful for development and tests, it's recommended to use Caffeine cache in production.You can switch to using Caffeine cache, by adding it and org.springframework.cache.caffeine.CaffeineCacheManager to the classpath.
2026-07-03T16:30:06.112-05:00  INFO 35388 --- [    Test worker] c.a.gateway.GatewayApplicationTests      : Started GatewayApplicationTests in 22.853 seconds (process running for 32.649)
]]></system-out>
  <system-err><![CDATA[]]></system-err>
</testsuite>
