<?xml version="1.0" encoding="UTF-8"?>
<testsuite name="com.demo.flotaService.FlotaServiceApplicationTests" tests="1" skipped="0" failures="0" errors="0" timestamp="2026-07-03T21:22:02.500Z" hostname="PB0B0983978" time="2.979">
  <properties/>
  <testcase name="contextLoads()" classname="com.demo.flotaService.FlotaServiceApplicationTests" time="2.979"/>
  <system-out><![CDATA[16:21:48.013 [Test worker] INFO org.springframework.test.context.support.AnnotationConfigContextLoaderUtils -- Could not detect default configuration classes for test class [com.demo.flotaService.FlotaServiceApplicationTests]: FlotaServiceApplicationTests does not declare any static, non-private, non-final, nested classes annotated with @Configuration.
16:21:48.433 [Test worker] INFO org.springframework.boot.test.context.SpringBootTestContextBootstrapper -- Found @SpringBootConfiguration com.demo.flotaService.FlotaServiceApplication for test class com.demo.flotaService.FlotaServiceApplicationTests

  .   ____          _            __ _ _
 /\\ / ___'_ __ _ _(_)_ __  __ _ \ \ \ \
( ( )\___ | '_ | '_| | '_ \/ _` | \ \ \ \
 \\/  ___)| |_)| | | | | || (_| |  ) ) ) )
  '  |____| .__|_| |_|_| |_\__, | / / / /
 =========|_|==============|___/=/_/_/_/

 :: Spring Boot ::               (v3.5.15)

2026-07-03T16:21:52.676-05:00  INFO 44824 --- [    Test worker] c.d.f.FlotaServiceApplicationTests       : Starting FlotaServiceApplicationTests using Java 17.0.16 with PID 44824 (started by jajvalen in C:\Users\jajvalen\Documents\Microservicios JAVA\Ejercicios Microservicios\flota-service\flota-service)
2026-07-03T16:21:52.680-05:00  INFO 44824 --- [    Test worker] c.d.f.FlotaServiceApplicationTests       : No active profile set, falling back to 1 default profile: "default"
2026-07-03T16:21:55.291-05:00  INFO 44824 --- [    Test worker] o.s.cloud.context.scope.GenericScope     : BeanFactory id=1c850586-573a-3f01-8190-1f68fa369fcb
2026-07-03T16:22:02.209-05:00  INFO 44824 --- [    Test worker] o.s.cloud.commons.util.InetUtils         : Cannot determine local hostname
2026-07-03T16:22:02.234-05:00  INFO 44824 --- [    Test worker] DiscoveryClientOptionalArgsConfiguration : Eureka HTTP Client uses RestTemplate.
2026-07-03T16:22:02.345-05:00  WARN 44824 --- [    Test worker] iguration$LoadBalancerCaffeineWarnLogger : Spring Cloud LoadBalancer is currently working with the default cache. While this cache implementation is useful for development and tests, it's recommended to use Caffeine cache in production.You can switch to using Caffeine cache, by adding it and org.springframework.cache.caffeine.CaffeineCacheManager to the classpath.
2026-07-03T16:22:02.452-05:00  INFO 44824 --- [    Test worker] c.d.f.FlotaServiceApplicationTests       : Started FlotaServiceApplicationTests in 12.851 seconds (process running for 20.883)
]]></system-out>
  <system-err><![CDATA[]]></system-err>
</testsuite>
