<?xml version="1.0" encoding="UTF-8"?>
<testsuite name="com.demo.vehiculoService.VehiculoServiceApplicationTests" tests="1" skipped="0" failures="0" errors="0" timestamp="2026-07-03T21:23:33.221Z" hostname="PB0B0983978" time="2.712">
  <properties/>
  <testcase name="contextLoads()" classname="com.demo.vehiculoService.VehiculoServiceApplicationTests" time="2.712"/>
  <system-out><![CDATA[16:23:08.765 [Test worker] INFO org.springframework.test.context.support.AnnotationConfigContextLoaderUtils -- Could not detect default configuration classes for test class [com.demo.vehiculoService.VehiculoServiceApplicationTests]: VehiculoServiceApplicationTests does not declare any static, non-private, non-final, nested classes annotated with @Configuration.
16:23:09.315 [Test worker] INFO org.springframework.boot.test.context.SpringBootTestContextBootstrapper -- Found @SpringBootConfiguration com.demo.vehiculoService.VehiculoServiceApplication for test class com.demo.vehiculoService.VehiculoServiceApplicationTests

  .   ____          _            __ _ _
 /\\ / ___'_ __ _ _(_)_ __  __ _ \ \ \ \
( ( )\___ | '_ | '_| | '_ \/ _` | \ \ \ \
 \\/  ___)| |_)| | | | | || (_| |  ) ) ) )
  '  |____| .__|_| |_|_| |_\__, | / / / /
 =========|_|==============|___/=/_/_/_/

 :: Spring Boot ::               (v3.5.15)

2026-07-03T16:23:13.605-05:00  INFO 43896 --- [    Test worker] c.d.v.VehiculoServiceApplicationTests    : Starting VehiculoServiceApplicationTests using Java 17.0.16 with PID 43896 (started by jajvalen in C:\Users\jajvalen\Documents\Microservicios JAVA\Ejercicios Microservicios\vehiculo-service\vehiculo-service)
2026-07-03T16:23:13.609-05:00  INFO 43896 --- [    Test worker] c.d.v.VehiculoServiceApplicationTests    : No active profile set, falling back to 1 default profile: "default"
2026-07-03T16:23:16.681-05:00  INFO 43896 --- [    Test worker] .s.d.r.c.RepositoryConfigurationDelegate : Bootstrapping Spring Data JPA repositories in DEFAULT mode.
2026-07-03T16:23:17.258-05:00  INFO 43896 --- [    Test worker] .s.d.r.c.RepositoryConfigurationDelegate : Finished Spring Data repository scanning in 504 ms. Found 1 JPA repository interface.
2026-07-03T16:23:17.971-05:00  INFO 43896 --- [    Test worker] o.s.cloud.context.scope.GenericScope     : BeanFactory id=960426cd-4119-34df-b5b8-e2acc35dea13
2026-07-03T16:23:19.113-05:00  INFO 43896 --- [    Test worker] com.zaxxer.hikari.HikariDataSource       : HikariPool-1 - Starting...
2026-07-03T16:23:19.770-05:00  INFO 43896 --- [    Test worker] com.zaxxer.hikari.pool.HikariPool        : HikariPool-1 - Added connection conn0: url=jdbc:h2:mem:d71d15d6-0965-44b0-a836-1a3affb03cf9 user=SA
2026-07-03T16:23:19.780-05:00  INFO 43896 --- [    Test worker] com.zaxxer.hikari.HikariDataSource       : HikariPool-1 - Start completed.
2026-07-03T16:23:19.939-05:00  INFO 43896 --- [    Test worker] o.hibernate.jpa.internal.util.LogHelper  : HHH000204: Processing PersistenceUnitInfo [name: default]
2026-07-03T16:23:20.386-05:00  INFO 43896 --- [    Test worker] org.hibernate.Version                    : HHH000412: Hibernate ORM core version 6.6.53.Final
2026-07-03T16:23:20.545-05:00  INFO 43896 --- [    Test worker] o.h.c.internal.RegionFactoryInitiator    : HHH000026: Second-level cache disabled
2026-07-03T16:23:21.659-05:00  INFO 43896 --- [    Test worker] o.s.o.j.p.SpringPersistenceUnitInfo      : No LoadTimeWeaver setup: ignoring JPA class transformer
2026-07-03T16:23:22.127-05:00  INFO 43896 --- [    Test worker] org.hibernate.orm.connections.pooling    : HHH10001005: Database info:
	Database JDBC URL [Connecting through datasource 'HikariDataSource (HikariPool-1)']
	Database driver: undefined/unknown
	Database version: 2.3.232
	Autocommit mode: undefined/unknown
	Isolation level: undefined/unknown
	Minimum pool size: undefined/unknown
	Maximum pool size: undefined/unknown
2026-07-03T16:23:25.235-05:00  INFO 43896 --- [    Test worker] o.h.e.t.j.p.i.JtaPlatformInitiator       : HHH000489: No JTA platform available (set 'hibernate.transaction.jta.platform' to enable JTA platform integration)
2026-07-03T16:23:25.395-05:00  INFO 43896 --- [    Test worker] j.LocalContainerEntityManagerFactoryBean : Initialized JPA EntityManagerFactory for persistence unit 'default'
2026-07-03T16:23:28.817-05:00  WARN 43896 --- [    Test worker] JpaBaseConfiguration$JpaWebConfiguration : spring.jpa.open-in-view is enabled by default. Therefore, database queries may be performed during view rendering. Explicitly configure spring.jpa.open-in-view to disable this warning
2026-07-03T16:23:32.740-05:00  INFO 43896 --- [    Test worker] o.s.cloud.commons.util.InetUtils         : Cannot determine local hostname
2026-07-03T16:23:32.767-05:00  INFO 43896 --- [    Test worker] DiscoveryClientOptionalArgsConfiguration : Eureka HTTP Client uses RestTemplate.
2026-07-03T16:23:32.929-05:00  WARN 43896 --- [    Test worker] iguration$LoadBalancerCaffeineWarnLogger : Spring Cloud LoadBalancer is currently working with the default cache. While this cache implementation is useful for development and tests, it's recommended to use Caffeine cache in production.You can switch to using Caffeine cache, by adding it and org.springframework.cache.caffeine.CaffeineCacheManager to the classpath.
2026-07-03T16:23:33.122-05:00  INFO 43896 --- [    Test worker] c.d.v.VehiculoServiceApplicationTests    : Started VehiculoServiceApplicationTests in 22.605 seconds (process running for 31.869)
]]></system-out>
  <system-err><![CDATA[]]></system-err>
</testsuite>
